<?xml version="1.0" encoding="UTF-8"?>
<!-- Generated by org.testng.reporters.JUnitReportReporter -->
<testsuite skipped="0" hostname="Imaginnovate-3" name="APITESTING.com.org.api.WhetherGetRequests" tests="9" failures="0" timestamp="25 Apr 2018 13:34:11 GMT" time="6.069" errors="0">
  <testcase name="Test_01" time="3.493" classname="APITESTING.com.org.api.WhetherGetRequests"/>
  <testcase name="Test_02" time="0.141" classname="APITESTING.com.org.api.WhetherGetRequests"/>
  <testcase name="Test_03" time="0.416" classname="APITESTING.com.org.api.WhetherGetRequests"/>
  <testcase name="Test_04" time="0.312" classname="APITESTING.com.org.api.WhetherGetRequests"/>
  <testcase name="Test_05" time="0.185" classname="APITESTING.com.org.api.WhetherGetRequests"/>
  <testcase name="Test_06" time="0.174" classname="APITESTING.com.org.api.WhetherGetRequests"/>
  <testcase name="Test_07" time="0.771" classname="APITESTING.com.org.api.WhetherGetRequests"/>
  <testcase name="Test_08" time="0.197" classname="APITESTING.com.org.api.WhetherGetRequests"/>
  <testcase name="Test_09" time="0.380" classname="APITESTING.com.org.api.WhetherGetRequests"/>
</testsuite> <!-- APITESTING.com.org.api.WhetherGetRequests -->
